<?xml version="1.0" encoding="UTF-8"?>
<!-- Generated by org.testng.reporters.JUnitReportReporter -->
<testsuite skipped="0" hostname="Swadhin-PC" name="tests.SkipLoginPageTest" tests="1" failures="0" timestamp="07 Jul 2019 08:26:29 GMT" time="11.621" errors="0">
  <testcase name="SkipLoginVerification" time="11.621" classname="tests.SkipLoginPageTest"/>
</testsuite> <!-- tests.SkipLoginPageTest -->
