<?xml version="1.0" encoding="UTF-8"?>
<!-- Generated by org.testng.reporters.JUnitReportReporter -->
<testsuite skipped="0" hostname="Swadhin-PC" name="tests.tests" tests="1" failures="0" timestamp="04 Jul 2019 14:05:18 GMT" time="29.538" errors="0">
  <testcase name="Login" time="29.538" classname="tests.tests"/>
</testsuite> <!-- tests.tests -->
