<?xml version="1.0" encoding="UTF-8"?>
<!-- Generated by org.testng.reporters.JUnitReportReporter -->
<testsuite skipped="0" hostname="Swadhin-PC" name="tests.ForgotPasswordPageTest" tests="1" failures="0" timestamp="07 Jul 2019 11:50:35 GMT" time="13.041" errors="0">
  <testcase name="ForgotPasswordVerification" time="13.041" classname="tests.ForgotPasswordPageTest"/>
</testsuite> <!-- tests.ForgotPasswordPageTest -->
